
=== Thu Jan 28 21:25:30 2021

Packages were changed.
Update Mode: updateDependencies

The following packages were added:
  com.unity.ide.visualstudio@2.0.5
The following packages were updated:
  com.unity.ads from version 3.4.9 to 3.5.2
  com.unity.analytics from version 3.3.5 to 3.5.3
  com.unity.collab-proxy from version 1.2.16 to 1.3.9
  com.unity.ide.rider from version 1.1.4 to 2.0.7
  com.unity.ide.vscode from version 1.2.2 to 1.2.3
  com.unity.purchasing from version 2.1.1 to 2.2.1
  com.unity.render-pipelines.lightweight from version 7.3.1 to 10.2.2
  com.unity.test-framework from version 1.1.18 to 1.1.20
  com.unity.textmeshpro from version 2.0.1 to 3.0.1
  com.unity.xr.legacyinputhelpers from version 2.1.4 to 2.1.7

=== Fri Jan 29 21:44:53 2021

Packages were changed.
Update Mode: updateDependencies

The following packages were updated:
  com.unity.ide.rider from version 2.0.7 to 3.0.3
  com.unity.purchasing from version 2.2.1 to 3.0.0-pre.4
  com.unity.textmeshpro from version 3.0.1 to 3.0.3
  com.unity.timeline from version 1.2.6 to 1.5.1-pre.3
